<?xml version="1.0" encoding="UTF-8"?>
<!-- Generated by org.testng.reporters.JUnitReportReporter -->
<testsuite hostname="LAPTOP-LSARCF0V" failures="0" tests="1" name="Guru.Project.TelecomProjectForTestNG.Tests.testCase_TST010_AddTariffPlanToCust" time="31.528" errors="0" timestamp="20 Aug 2019 12:58:56 GMT" skipped="0">
  <testcase classname="Guru.Project.TelecomProjectForTestNG.Tests.testCase_TST010_AddTariffPlanToCust" name="addTariffToCustomer" time="31.528"/>
</testsuite> <!-- Guru.Project.TelecomProjectForTestNG.Tests.testCase_TST010_AddTariffPlanToCust -->
