<?xml version="1.0" encoding="UTF-8"?>
<!-- Generated by org.testng.reporters.JUnitReportReporter -->
<testsuite hostname="LAPTOP-LSARCF0V" failures="0" tests="1" name="Guru.Project.TelecomProject.Tests.testCase_AddingNewTariffToapplication" time="16.945" errors="0" timestamp="12 Jun 2019 07:46:58 GMT" skipped="0">
  <testcase classname="Guru.Project.TelecomProject.Tests.testCase_AddingNewTariffToapplication" name="addingNewTariff" time="16.945"/>
</testsuite> <!-- Guru.Project.TelecomProject.Tests.testCase_AddingNewTariffToapplication -->
