<?xml version="1.0" encoding="UTF-8"?>
<!-- Generated by org.testng.reporters.JUnitReportReporter -->
<testsuite hostname="LAPTOP-LSARCF0V" failures="0" tests="1" name="Guru.Project.TelecomProject.Tests.testCase_TST011_CheckingCustBill" time="42.723" errors="0" timestamp="04 Jun 2019 11:18:48 GMT" skipped="0">
  <testcase classname="Guru.Project.TelecomProject.Tests.testCase_TST011_CheckingCustBill" name="CheckingBillOfCustomer" time="42.723"/>
</testsuite> <!-- Guru.Project.TelecomProject.Tests.testCase_TST011_CheckingCustBill -->
