<?xml version="1.0" encoding="UTF-8"?>
<!-- Generated by org.testng.reporters.JUnitReportReporter -->
<testsuite hostname="LAPTOP-LSARCF0V" failures="0" tests="1" name="Guru.Project.TelecomProject.Tests.testCase_TST010_AddTariffPlanToCust" time="49.822" errors="0" timestamp="04 Jun 2019 11:07:31 GMT" skipped="0">
  <testcase classname="Guru.Project.TelecomProject.Tests.testCase_TST010_AddTariffPlanToCust" name="addTariffToCustomer" time="49.822"/>
</testsuite> <!-- Guru.Project.TelecomProject.Tests.testCase_TST010_AddTariffPlanToCust -->
