<?xml version="1.0" encoding="UTF-8"?>
<!-- Generated by org.testng.reporters.JUnitReportReporter -->
<testsuite hostname="LAPTOP-LSARCF0V" failures="0" tests="1" name="Guru.Project.TelecomProject.Tests.testCase_AddTariff_TST009" time="36.759" errors="0" timestamp="04 Jun 2019 10:32:24 GMT" skipped="0">
  <testcase classname="Guru.Project.TelecomProject.Tests.testCase_AddTariff_TST009" name="validating_CharacterNotAllowed" time="36.759"/>
</testsuite> <!-- Guru.Project.TelecomProject.Tests.testCase_AddTariff_TST009 -->
