<?xml version="1.0" encoding="UTF-8"?>
<!-- Generated by org.testng.reporters.JUnitReportReporter -->
<testsuite hostname="LAPTOP-LSARCF0V" failures="0" tests="1" name="Guru.Project.TelecomProject.Tests.testCase_AddCust_allTextField_Validation" time="19.149" errors="0" timestamp="12 Jun 2019 07:44:51 GMT" skipped="0">
  <testcase classname="Guru.Project.TelecomProject.Tests.testCase_AddCust_allTextField_Validation" name="testCaseForAddCuustTextFields" time="19.149"/>
</testsuite> <!-- Guru.Project.TelecomProject.Tests.testCase_AddCust_allTextField_Validation -->
