<?xml version="1.0" encoding="UTF-8"?>
<!-- Generated by org.testng.reporters.JUnitReportReporter -->
<testsuite hostname="LAPTOP-LSARCF0V" failures="0" tests="1" name="Guru.Project.TelecomProjectForTestNG.Tests.testCase_TST011_CheckingCustBill" time="40.970" errors="0" timestamp="20 Aug 2019 14:34:02 GMT" skipped="0">
  <testcase classname="Guru.Project.TelecomProjectForTestNG.Tests.testCase_TST011_CheckingCustBill" name="CheckingBillOfCustomer" time="40.970"/>
</testsuite> <!-- Guru.Project.TelecomProjectForTestNG.Tests.testCase_TST011_CheckingCustBill -->
