<?xml version="1.0" encoding="UTF-8"?>
<!-- Generated by org.testng.reporters.JUnitReportReporter -->
<testsuite hostname="LAPTOP-LSARCF0V" failures="0" tests="5" name="Guru.Project.TelecomProjectForTestNG.Tests.testCase_AddingNewTariffPageTests" time="129.838" errors="0" timestamp="20 Aug 2019 14:13:07 GMT" skipped="0">
  <testcase classname="Guru.Project.TelecomProjectForTestNG.Tests.testCase_AddingNewTariffPageTests" name="addingNewTariff" time="24.287"/>
  <testcase classname="Guru.Project.TelecomProjectForTestNG.Tests.testCase_AddingNewTariffPageTests" name="validating_SpecialChar_TST007" time="23.887"/>
  <testcase classname="Guru.Project.TelecomProjectForTestNG.Tests.testCase_AddingNewTariffPageTests" name="validating_NumbersAndMustNotEmpty_TST009" time="32.421"/>
  <testcase classname="Guru.Project.TelecomProjectForTestNG.Tests.testCase_AddingNewTariffPageTests" name="validating_CharacterNotAllowed_TST008" time="32.376"/>
  <testcase classname="Guru.Project.TelecomProjectForTestNG.Tests.testCase_AddingNewTariffPageTests" name="validating_SMSPerCharges" time="16.867"/>
</testsuite> <!-- Guru.Project.TelecomProjectForTestNG.Tests.testCase_AddingNewTariffPageTests -->
