<?xml version="1.0" encoding="UTF-8"?>
<!-- Generated by org.testng.reporters.JUnitReportReporter -->
<testsuite hostname="LAPTOP-LSARCF0V" failures="0" tests="1" name="Guru.Project.TelecomProject.Tests.addNewCustomerTest" time="32.576" errors="0" timestamp="12 Jun 2019 07:43:43 GMT" skipped="0">
  <testcase classname="Guru.Project.TelecomProject.Tests.addNewCustomerTest" name="addingNewCustomerTest" time="32.576"/>
</testsuite> <!-- Guru.Project.TelecomProject.Tests.addNewCustomerTest -->
