<?xml version="1.0" encoding="UTF-8"?>
<!-- Generated by org.testng.reporters.JUnitReportReporter -->
<testsuite hostname="LAPTOP-LSARCF0V" failures="0" tests="5" name="Guru.Project.TelecomProjectForTestNG.Tests.testCase_AddingNewTariffPageTests" time="136.295" errors="0" timestamp="20 Aug 2019 14:34:02 GMT" skipped="0">
  <testcase classname="Guru.Project.TelecomProjectForTestNG.Tests.testCase_AddingNewTariffPageTests" name="addingNewTariff" time="27.726"/>
  <testcase classname="Guru.Project.TelecomProjectForTestNG.Tests.testCase_AddingNewTariffPageTests" name="validating_SpecialChar_TST007" time="22.954"/>
  <testcase classname="Guru.Project.TelecomProjectForTestNG.Tests.testCase_AddingNewTariffPageTests" name="validating_NumbersAndMustNotEmpty_TST009" time="33.352"/>
  <testcase classname="Guru.Project.TelecomProjectForTestNG.Tests.testCase_AddingNewTariffPageTests" name="validating_CharacterNotAllowed_TST008" time="32.968"/>
  <testcase classname="Guru.Project.TelecomProjectForTestNG.Tests.testCase_AddingNewTariffPageTests" name="validating_SMSPerCharges" time="19.295"/>
</testsuite> <!-- Guru.Project.TelecomProjectForTestNG.Tests.testCase_AddingNewTariffPageTests -->
